<?xml version="1.0" encoding="UTF-8"?>
<!-- Generated by org.testng.reporters.JUnitReportReporter -->
<testsuite skipped="0" hostname="DESKTOP-3R73L8V" name="testCases.TC_001_AccountRegistration" tests="1" failures="0" timestamp="2022-04-01T06:46:19 IST" time="11.399" errors="0">
  <testcase name="test_account_Registration" time="11.399" classname="testCases.TC_001_AccountRegistration"/>
  <system-out/>
</testsuite> <!-- testCases.TC_001_AccountRegistration -->
